Determining if the pthread_create exist failed with the following output:
Change Dir: /home/olga/ros_comm/tools/rosbag/src/catkin_ws/src/mypakcage/cmake-build-debug/CMakeFiles/CMakeTmp

Run Build Command:"/usr/bin/make" "cmTC_deac3/fast"
/usr/bin/make -f CMakeFiles/cmTC_deac3.dir/build.make CMakeFiles/cmTC_deac3.dir/build
make[1]: вход в каталог «/home/olga/ros_comm/tools/rosbag/src/catkin_ws/src/mypakcage/cmake-build-debug/CMakeFiles/CMakeTmp»
Building C object CMakeFiles/cmTC_deac3.dir/CheckSymbolExists.c.o
/usr/bin/cc     -o CMakeFiles/cmTC_deac3.dir/CheckSymbolExists.c.o   -c /home/olga/ros_comm/tools/rosbag/src/catkin_ws/src/mypakcage/cmake-build-debug/CMakeFiles/CMakeTmp/CheckSymbolExists.c
Linking C executable cmTC_deac3
/home/olga/Документы/clion-2017.1.1/bin/cmake/bin/cmake -E cmake_link_script CMakeFiles/cmTC_deac3.dir/link.txt --verbose=1
/usr/bin/cc       CMakeFiles/cmTC_deac3.dir/CheckSymbolExists.c.o  -o cmTC_deac3 -rdynamic 
CMakeFiles/cmTC_deac3.dir/CheckSymbolExists.c.o: In function `main':
CheckSymbolExists.c:(.text+0x16): undefined reference to `pthread_create'
collect2: error: ld returned 1 exit status
CMakeFiles/cmTC_deac3.dir/build.make:97: ошибка выполнения рецепта для цели «cmTC_deac3»
make[1]: *** [cmTC_deac3] Ошибка 1
make[1]: выход из каталога «/home/olga/ros_comm/tools/rosbag/src/catkin_ws/src/mypakcage/cmake-build-debug/CMakeFiles/CMakeTmp»
Makefile:126: ошибка выполнения рецепта для цели «cmTC_deac3/fast»
make: *** [cmTC_deac3/fast] Ошибка 2

File /home/olga/ros_comm/tools/rosbag/src/catkin_ws/src/mypakcage/cmake-build-debug/CMakeFiles/CMakeTmp/CheckSymbolExists.c:
/* */
#include <pthread.h>

int main(int argc, char** argv)
{
  (void)argv;
#ifndef pthread_create
  return ((int*)(&pthread_create))[argc];
#else
  (void)argc;
  return 0;
#endif
}

Determining if the function pthread_create exists in the pthreads failed with the following output:
Change Dir: /home/olga/ros_comm/tools/rosbag/src/catkin_ws/src/mypakcage/cmake-build-debug/CMakeFiles/CMakeTmp

Run Build Command:"/usr/bin/make" "cmTC_36890/fast"
/usr/bin/make -f CMakeFiles/cmTC_36890.dir/build.make CMakeFiles/cmTC_36890.dir/build
make[1]: вход в каталог «/home/olga/ros_comm/tools/rosbag/src/catkin_ws/src/mypakcage/cmake-build-debug/CMakeFiles/CMakeTmp»
Building C object CMakeFiles/cmTC_36890.dir/CheckFunctionExists.c.o
/usr/bin/cc    -DCHECK_FUNCTION_EXISTS=pthread_create   -o CMakeFiles/cmTC_36890.dir/CheckFunctionExists.c.o   -c /home/olga/Документы/clion-2017.1.1/bin/cmake/share/cmake-3.7/Modules/CheckFunctionExists.c
Linking C executable cmTC_36890
/home/olga/Документы/clion-2017.1.1/bin/cmake/bin/cmake -E cmake_link_script CMakeFiles/cmTC_36890.dir/link.txt --verbose=1
/usr/bin/cc   -DCHECK_FUNCTION_EXISTS=pthread_create    CMakeFiles/cmTC_36890.dir/CheckFunctionExists.c.o  -o cmTC_36890 -rdynamic -lpthreads 
/usr/bin/ld: cannot find -lpthreads
collect2: error: ld returned 1 exit status
CMakeFiles/cmTC_36890.dir/build.make:97: ошибка выполнения рецепта для цели «cmTC_36890»
make[1]: *** [cmTC_36890] Ошибка 1
make[1]: выход из каталога «/home/olga/ros_comm/tools/rosbag/src/catkin_ws/src/mypakcage/cmake-build-debug/CMakeFiles/CMakeTmp»
Makefile:126: ошибка выполнения рецепта для цели «cmTC_36890/fast»
make: *** [cmTC_36890/fast] Ошибка 2


